<?xml version="1.0" encoding="UTF-8"?>
<!-- Generated by org.testng.reporters.JUnitXMLReporter -->
<testsuite ignored="2" hostname="DESKTOP-UUMBKK3" failures="0" tests="6" name="Parallel-1" time="17.409" errors="0" timestamp="2024-04-10T15:15:07 IST">
  <testcase classname="TestNG.DemoTest" name="demoTest1" time="0.03"/>
  <testcase classname="TestNG.DemoTest" name="demoTest2" time="0.009"/>
  <testcase classname="TestNG.DemoTest" name="demoTest3" time="0.015"/>
  <testcase classname="TestNG.TrialTest" name="trialTest1" time="0.002"/>
  <testcase classname="TestNG.TrialTest" name="trialTest2" time="0.004"/>
  <testcase classname="TestNG.TrialTest" name="trialTest3" time="0.003"/>
  <testcase classname="com.GenericUtilities.BaseClass" name="@AfterSuite closeDB" time="0.0">
    <ignored/>
  </testcase> <!-- @AfterSuite closeDB -->
  <testcase classname="com.GenericUtilities.BaseClass" name="@BeforeSuite connectToDB" time="0.0">
    <ignored/>
  </testcase> <!-- @BeforeSuite connectToDB -->
</testsuite> <!-- Parallel-1 -->
