<?xml version="1.0" encoding="UTF-8"?>
<!-- Generated by org.testng.reporters.JUnitXMLReporter -->
<testsuite ignored="0" hostname="DESKTOP-UUMBKK3" failures="0" tests="3" name="Parallel-2" time="11.366" errors="0" timestamp="2024-04-10T15:15:01 IST">
  <testcase classname="TestNG.SampleTest" name="sampleTest1" time="0.014"/>
  <testcase classname="TestNG.SampleTest" name="sampleTest2" time="0.007"/>
  <testcase classname="TestNG.SampleTest" name="sampleTest3" time="0.004"/>
</testsuite> <!-- Parallel-2 -->
