<?xml version="1.0" encoding="UTF-8"?>
<!-- Generated by org.testng.reporters.JUnitXMLReporter -->
<testsuite ignored="0" hostname="DESKTOP-UUMBKK3" failures="0" tests="3" name="Test3" time="24.699" errors="0" timestamp="2024-04-10T14:58:53 IST">
  <testcase classname="TestNG.SampleTest" name="SampleTest2" time="0.004"/>
  <testcase classname="TestNG.SampleTest" name="sampleTest1" time="0.003"/>
  <testcase classname="TestNG.SampleTest" name="sampleTest3" time="0.001">
    <skipped/>
  </testcase> <!-- sampleTest3 -->
</testsuite> <!-- Test3 -->
