<?xml version="1.0" encoding="UTF-8"?>
<!-- Generated by org.testng.reporters.JUnitXMLReporter -->
<testsuite ignored="4" hostname="DESKTOP-UUMBKK3" failures="0" tests="9" name="Test03" time="2.975" errors="0" timestamp="2024-04-10T17:56:15 IST">
  <testcase classname="TestNG.DemoTest" name="demoTest1" time="0.001">
    <skipped/>
  </testcase> <!-- demoTest1 -->
  <testcase classname="TestNG.DemoTest" name="demoTest2" time="0.0">
    <skipped/>
  </testcase> <!-- demoTest2 -->
  <testcase classname="TestNG.DemoTest" name="demoTest3" time="0.0">
    <skipped/>
  </testcase> <!-- demoTest3 -->
  <testcase classname="TestNG.TrialTest" name="trialTest1" time="0.0">
    <skipped/>
  </testcase> <!-- trialTest1 -->
  <testcase classname="TestNG.TrialTest" name="trialTest2" time="0.0">
    <skipped/>
  </testcase> <!-- trialTest2 -->
  <testcase classname="TestNG.TrialTest" name="trialTest3" time="0.0">
    <skipped/>
  </testcase> <!-- trialTest3 -->
  <testcase classname="TestNG.SampleTest" name="sampleTest1" time="0.0">
    <skipped/>
  </testcase> <!-- sampleTest1 -->
  <testcase classname="TestNG.SampleTest" name="sampleTest2" time="0.001">
    <skipped/>
  </testcase> <!-- sampleTest2 -->
  <testcase classname="TestNG.SampleTest" name="sampleTest3" time="0.001">
    <skipped/>
  </testcase> <!-- sampleTest3 -->
  <testcase classname="com.GenericUtilities.BaseClass" name="@AfterSuite closeDB" time="0.0">
    <ignored/>
  </testcase> <!-- @AfterSuite closeDB -->
  <testcase classname="com.GenericUtilities.BaseClass" name="@BeforeSuite connectToDB" time="0.0">
    <ignored/>
  </testcase> <!-- @BeforeSuite connectToDB -->
  <testcase classname="com.GenericUtilities.BaseClass" name="@BeforeSuite connectToDB" time="0.0">
    <ignored/>
  </testcase> <!-- @BeforeSuite connectToDB -->
  <testcase classname="com.GenericUtilities.BaseClass" name="@AfterSuite closeDB" time="0.0">
    <ignored/>
  </testcase> <!-- @AfterSuite closeDB -->
</testsuite> <!-- Test03 -->
