<?xml version="1.0" encoding="UTF-8"?>
<!-- Generated by org.testng.reporters.JUnitXMLReporter -->
<testsuite ignored="0" hostname="DESKTOP-UUMBKK3" failures="1" tests="1" name="Test" time="10.955" errors="0" timestamp="2024-04-12T18:03:28 IST">
  <testcase classname="com.tyss.hospicehealthcare.admin.CraeteDoctorSpecializationUsingPomTest" name="CraeteDoctorSpecializationUsingPomTest" time="3.759">
    <failure type="java.lang.AssertionError" message="null">
      <![CDATA[java.lang.AssertionError: null
at com.healthCare.hospiceHealthCare.objectRepository.AdminDoctorSpecializationPage.createSpecialization(AdminDoctorSpecializationPage.java:102)
at com.tyss.hospicehealthcare.admin.CraeteDoctorSpecializationUsingPomTest.CraeteDoctorSpecializationUsingPomTest(CraeteDoctorSpecializationUsingPomTest.java:45)
at java.base/java.util.concurrent.ThreadPoolExecutor.runWorker(ThreadPoolExecutor.java:1136)
at java.base/java.util.concurrent.ThreadPoolExecutor$Worker.run(ThreadPoolExecutor.java:635)
at java.base/java.lang.Thread.run(Thread.java:842)
... Removed 14 stack frames]]>
    </failure>
  </testcase> <!-- CraeteDoctorSpecializationUsingPomTest -->
</testsuite> <!-- Test -->
