<?xml version="1.0" encoding="UTF-8"?>
<testng-results ignored="0" total="1" passed="1" failed="0" skipped="0">
  <reporter-output>
    <line>
      <![CDATA[DB connected]]>
    </line>
    <line>
      <![CDATA[---logged in to appln---]]>
    </line>
    <line>
      <![CDATA[Actual Excecution start frrom here]]>
    </line>
    <line>
      <![CDATA[AddPatientUsingPomTestExecuted Successfully]]>
    </line>
  </reporter-output>
  <suite started-at="2024-04-17T16:32:56 IST" name="Default suite" finished-at="2024-04-17T16:33:11 IST" duration-ms="15473">
    <groups>
    </groups>
    <test started-at="2024-04-17T16:32:56 IST" name="Default test" finished-at="2024-04-17T16:33:11 IST" duration-ms="15473">
      <class name="com.tyss.hospicehealthcare.doctor.AddPatientUsingPomTest">
        <test-method is-config="true" signature="connectToDB()[pri:0, instance:com.tyss.hospicehealthcare.doctor.AddPatientUsingPomTest@409bf450]" started-at="2024-04-17T16:32:56 IST" name="connectToDB" finished-at="2024-04-17T16:32:56 IST" duration-ms="415" status="PASS">
          <reporter-output>
            <line>
              <![CDATA[DB connected]]>
            </line>
          </reporter-output>
        </test-method> <!-- connectToDB -->
        <test-method is-config="true" signature="launchBrowser()[pri:0, instance:com.tyss.hospicehealthcare.doctor.AddPatientUsingPomTest@409bf450]" started-at="2024-04-17T16:32:56 IST" name="launchBrowser" finished-at="2024-04-17T16:33:00 IST" duration-ms="3633" status="PASS">
          <reporter-output>
          </reporter-output>
        </test-method> <!-- launchBrowser -->
        <test-method is-config="true" signature="beforeMethod()[pri:0, instance:com.tyss.hospicehealthcare.doctor.AddPatientUsingPomTest@409bf450]" started-at="2024-04-17T16:33:00 IST" name="beforeMethod" finished-at="2024-04-17T16:33:04 IST" duration-ms="4118" status="PASS">
          <reporter-output>
            <line>
              <![CDATA[---logged in to appln---]]>
            </line>
          </reporter-output>
        </test-method> <!-- beforeMethod -->
        <test-method signature="AddPatientUsingPomTest()[pri:0, instance:com.tyss.hospicehealthcare.doctor.AddPatientUsingPomTest@409bf450]" started-at="2024-04-17T16:33:04 IST" name="AddPatientUsingPomTest" finished-at="2024-04-17T16:33:11 IST" duration-ms="7227" status="PASS">
          <reporter-output>
            <line>
              <![CDATA[Actual Excecution start frrom here]]>
            </line>
            <line>
              <![CDATA[AddPatientUsingPomTestExecuted Successfully]]>
            </line>
          </reporter-output>
        </test-method> <!-- AddPatientUsingPomTest -->
      </class> <!-- com.tyss.hospicehealthcare.doctor.AddPatientUsingPomTest -->
    </test> <!-- Default test -->
  </suite> <!-- Default suite -->
</testng-results>
