<?xml version="1.0" encoding="UTF-8"?>
<!-- Generated by org.testng.reporters.JUnitXMLReporter -->
<testsuite ignored="0" hostname="DESKTOP-UUMBKK3" failures="1" tests="4" name="Default test(failed)" time="7.229" errors="0" timestamp="2024-04-17T09:26:35 IST">
  <testcase classname="com.tyss.hospicehealthcare.doctor.AddPatientUsingPomTest" name="AddPatientUsingPomTest" time="0.007">
    <skipped/>
  </testcase> <!-- AddPatientUsingPomTest -->
  <testcase classname="com.tyss.hospicehealthcare.doctor.AddPatientUsingPomTest" name="AddPatientUsingPomTest" time="0.0">
    <skipped/>
  </testcase> <!-- AddPatientUsingPomTest -->
  <testcase classname="com.tyss.hospicehealthcare.doctor.AddPatientUsingPomTest" name="AddPatientUsingPomTest" time="0.0">
    <skipped/>
  </testcase> <!-- AddPatientUsingPomTest -->
  <testcase classname="com.tyss.hospicehealthcare.doctor.AddPatientUsingPomTest" name="AddPatientUsingPomTest" time="0.001">
    <failure type="java.lang.NullPointerException" message="Cannot invoke &amp;quot;com.aventstack.extentreports.ExtentReports.createTest(String)&amp;quot; because &amp;quot;this.reports&amp;quot; is null">
      <![CDATA[java.lang.NullPointerException: Cannot invoke "com.aventstack.extentreports.ExtentReports.createTest(String)" because "this.reports" is null
at com.GenericUtilities.ListenersImplementationClass.onTestStart(ListenersImplementationClass.java:22)
at java.base/java.util.ArrayList.forEach(ArrayList.java:1511)
... Removed 24 stack frames]]>
    </failure>
  </testcase> <!-- AddPatientUsingPomTest -->
</testsuite> <!-- Default test(failed) -->
